c:\users\francisco\documents\dev\openmpd\openmpd\openmpd_engine\openmpd\vc142.pdb
c:\users\francisco\documents\dev\openmpd\openmpd\openmpd_engine\x64\debug\renderresources.obj
c:\users\francisco\documents\dev\openmpd\openmpd\openmpd_engine\x64\debug\forceups_sync.obj
c:\users\francisco\documents\dev\openmpd\openmpd\openmpd_engine\x64\debug\primitivedescriptors.obj
c:\users\francisco\documents\dev\openmpd\openmpd\openmpd_engine\x64\debug\openmpd_debug.obj
c:\users\francisco\documents\dev\openmpd\openmpd\openmpd_engine\x64\debug\openmpd_cwrapper.obj
c:\users\francisco\documents\dev\openmpd\openmpd\openmpd_engine\x64\debug\openmpd.obj
c:\users\francisco\documents\dev\openmpd\openmpd\openmpd_engine\x64\debug\enginewriterthread.obj
c:\users\francisco\documents\dev\openmpd\openmpd\openmpd_engine\x64\debug\enginereaderthread.obj
c:\users\francisco\documents\dev\openmpd\openmpd\openmpd_engine\x64\debug\buffermanager.obj
c:\users\francisco\documents\dev\openmpd\openmpd\openmpd_engine\x64\debug\buffer.obj
c:\users\francisco\documents\dev\openmpd\openmpd\openmpd_engine\x64\debug\timefunctions.obj
c:\users\francisco\documents\dev\openmpd\openmpd\openmpd_engine\x64\debug\openclutilityfunctions.obj
c:\users\francisco\documents\dev\openmpd\openmpd\x64\openmpd.dll
c:\users\francisco\documents\dev\openmpd\openmpd\x64\openmpd.pdb
c:\users\francisco\documents\dev\openmpd\openmpd\x64\openmpd.lib
c:\users\francisco\documents\dev\openmpd\openmpd\x64\openmpd.exp
c:\users\francisco\documents\dev\openmpd\openmpd\openmpd_engine\x64\debug\openmpd.tlog\cl.command.1.tlog
c:\users\francisco\documents\dev\openmpd\openmpd\openmpd_engine\x64\debug\openmpd.tlog\cl.read.1.tlog
c:\users\francisco\documents\dev\openmpd\openmpd\openmpd_engine\x64\debug\openmpd.tlog\cl.write.1.tlog
c:\users\francisco\documents\dev\openmpd\openmpd\openmpd_engine\x64\debug\openmpd.tlog\link.command.1.tlog
c:\users\francisco\documents\dev\openmpd\openmpd\openmpd_engine\x64\debug\openmpd.tlog\link.read.1.tlog
c:\users\francisco\documents\dev\openmpd\openmpd\openmpd_engine\x64\debug\openmpd.tlog\link.write.1.tlog
c:\users\francisco\documents\dev\openmpd\openmpd\openmpd_engine\x64\debug\openmpd.tlog\openmpd.write.1u.tlog
